{ "_EventID": 22, "_Keywords": -9223372036854776000, "_Category": "Dns query (rule: DnsQuery)", "_EventType": "INFO", "_Opcode": "Info", "_Image": "&lt;unknown process&gt;", "_QueryStatus": "9003", "_ProcessGuid": "{00000000-0000-0000-0000-000000000000}", "_UtcTime": "2021-04-27 19:54:17.524", "_SeverityValue": 2, "_Version": 5, "_UserID": "S-1-5-18", "_ProcessID": 4592, "_RuleName": "-", "_OpcodeValue": 0, "_SourceModuleType": "im_msvistalog", "level": 6, "_Channel": "Microsoft-Windows-Sysmon/Operational", "_SourceName": "Microsoft-Windows-Sysmon", "_Severity": "INFO", "message": "Dns query:\\r\\nRuleName: -\\r\\nUtcTime: 2021-04-27 19:54:17.524\\r\\nProcessGuid: {00000000-0000-0000-0000-000000000000}\\r\\nProcessId: 4080\\r\\nQueryName: www.hpe.com\\r\\nQueryStatus: 9003\\r\\nQueryResults: -\\r\\nImage: <unknown process>", "_AccountType": "User", "_QueryResults": "-", "_EventReceivedTime": "2021-04-27 14:54:21", "_QueryName": "www.hpe.com", "_SourceModuleName": "eventlog", "_ProviderGuid": "{5770385F-C22A-43E0-BF4C-06F5698FFBD9}", "full_message": "Dns query:\\r\\nRuleName: -\\r\\nUtcTime: 2021-04-27 19:54:17.524\\r\\nProcessGuid: {00000000-0000-0000-0000-000000000000}\\r\\nProcessId: 4080\\r\\nQueryName: www.hpe.com\\r\\nQueryStatus: 9003\\r\\nQueryResults: -\\r\\nImage: <unknown process>", "_ThreadID": 1928, "_Domain": "ACME", "_RecordNumber": 6780331, "_AccountName": "cmustafa", "host": "amcarthur-dkstp", }
{ "_EventID": 4769, "_Keywords": -9214364837600035000, "_Category": "Kerberos Service Ticket Operations", "_LogonGuid": "{FA30D7EE-4920-21C9-7CA9-F864EE8A37FC}", "_EventType": "AUDIT_SUCCESS", "_Opcode": "Info", "_IpPort": "50941", "_TransmittedServices": "-", "_TicketEncryptionType": "0x12", "_SeverityValue": 2, "_Version": 0, "_TicketOptions": "0x40810000", "_ProcessID": 588, "_TargetDomainName": "ACME", "_Status": "0x0", "_OpcodeValue": 0, "_SourceModuleType": "im_msvistalog", "level": 6, "_Channel": "Security", "_SourceName": "Microsoft-Windows-Security-Auditing", "_Severity": "INFO", "message": "A Kerberos service ticket was requested.\\r\\n\\r\\nAccount Information:\\r\\n\\tAccount Name:\\t\\tjdawson\\r\\n\\tAccount Domain:\\t\\tACME\\r\\n\\tLogon GUID:\\t\\t{FA30D7EE-4920-21C9-7CA9-F864EE8A37FC}\\r\\n\\r\\nService Information:\\r\\n\\tService Name:\\t\\tjdawson-dsktp$\\r\\n\\tService ID:\\t\\tS-1-5-21-98903719-2683663973-4168234638-1002\\r\\n\\r\\nNetwork Information:\\r\\n\\tClient Address:\\t\\t::ffff:192.168.92.6\\r\\n\\tClient Port:\\t\\t50941\\r\\n\\r\\nAdditional Information:\\r\\n\\tTicket Options:\\t\\t0x40810000\\r\\n\\tTicket Encryption Type:\\t0x12\\r\\n\\tFailure Code:\\t\\t0x0\\r\\n\\tTransited Services:\\t-\\r\\n\\r\\nThis event is generated every time access is requested to a resource such as a computer or a Windows service.  The service name indicates the resource to which access was requested.\\r\\n\\r\\nThis event can be correlated with Windows logon events by comparing the Logon GUID fields in each event.  The logon event occurs on the machine that was accessed, which is often a different machine than the domain controller which issued the service ticket.\\r\\n\\r\\nTicket options, encryption types, and failure codes are defined in RFC 4120.", "_EventReceivedTime": "2020-09-02 15:21:00", "_SourceModuleName": "eventlog", "_ProviderGuid": "{54849625-5478-4994-A5BA-3E3B0328C30D}", "full_message": "A Kerberos service ticket was requested.\\r\\n\\r\\nAccount Information:\\r\\n\\tAccount Name:\\t\\tjdawson\\r\\n\\tAccount Domain:\\t\\tACME\\r\\n\\tLogon GUID:\\t\\t{FA30D7EE-4920-21C9-7CA9-F864EE8A37FC}\\r\\n\\r\\nService Information:\\r\\n\\tService Name:\\t\\tjdawson-dsktp$\\r\\n\\tService ID:\\t\\tS-1-5-21-98903719-2683663973-4168234638-1002\\r\\n\\r\\nNetwork Information:\\r\\n\\tClient Address:\\t\\t::ffff:192.168.92.6\\r\\n\\tClient Port:\\t\\t50941\\r\\n\\r\\nAdditional Information:\\r\\n\\tTicket Options:\\t\\t0x40810000\\r\\n\\tTicket Encryption Type:\\t0x12\\r\\n\\tFailure Code:\\t\\t0x0\\r\\n\\tTransited Services:\\t-\\r\\n\\r\\nThis event is generated every time access is requested to a resource such as a computer or a Windows service.  The service name indicates the resource to which access was requested.\\r\\n\\r\\nThis event can be correlated with Windows logon events by comparing the Logon GUID fields in each event.  The logon event occurs on the machine that was accessed, which is often a different machine than the domain controller which issued the service ticket.\\r\\n\\r\\nTicket options, encryption types, and failure codes are defined in RFC 4120.", "_ThreadID": 2388, "_ServiceName": "jdawson-dsktp$", "_ServiceSid": "S-1-5-21-98903719-2683663973-4168234638-1002", "_IpAddress": "::ffff:192.168.92.6", "_TargetUserName": "jdawson", "_RecordNumber": 1215894, "host": "tbuckner-dkstp" }
{ "_EventID": 4724, "_Keywords": -9214364837600035000, "_Category": "User Account Management", "_EventType": "AUDIT_SUCCESS", "_TargetSid": "S-1-5-21-98903719-2683663973-4168234638-1139", "_Opcode": "Info", "_SeverityValue": 2, "_Version": 0, "_SubjectDomainName": "ACME", "_ProcessID": 592, "_TargetDomainName": "ACME", "_OpcodeValue": 0, "_SourceModuleType": "im_msvistalog", "level": 6, "_Channel": "Security", "_SourceName": "Microsoft-Windows-Security-Auditing", "_Severity": "INFO", "_SubjectLogonId": "0x4d2e0", "message": "An attempt was made to reset an account's password.\\r\\n\\r\\nSubject:\\r\\n\\tSecurity ID:\\t\\tS-1-5-21-98903719-2683663973-4168234638-500\\r\\n\\tAccount Name:\\t\\tAdministrator\\r\\n\\tAccount Domain:\\t\\tACME\\r\\n\\tLogon ID:\\t\\t0x4D2E0\\r\\n\\r\\nTarget Account:\\r\\n\\tSecurity ID:\\t\\tS-1-5-21-98903719-2683663973-4168234638-1139\\r\\n\\tAccount Name:\\t\\thkline\\r\\n\\tAccount Domain:\\t\\tACME", "_EventReceivedTime": "2024-01-22 02:59:46", "_SourceModuleName": "eventlog", "_ProviderGuid": "{54849625-5478-4994-A5BA-3E3B0328C30D}", "_SubjectUserName": "Administrator", "full_message": "An attempt was made to reset an account's password.\\r\\n\\r\\nSubject:\\r\\n\\tSecurity ID:\\t\\tS-1-5-21-98903719-2683663973-4168234638-500\\r\\n\\tAccount Name:\\t\\tAdministrator\\r\\n\\tAccount Domain:\\t\\tACME\\r\\n\\tLogon ID:\\t\\t0x4D2E0\\r\\n\\r\\nTarget Account:\\r\\n\\tSecurity ID:\\t\\tS-1-5-21-98903719-2683663973-4168234638-1139\\r\\n\\tAccount Name:\\t\\thkline\\r\\n\\tAccount Domain:\\t\\tACME", "_ThreadID": 1624, "_TargetUserName": "hkline", "_RecordNumber": 1311041, "_SubjectUserSid": "S-1-5-21-98903719-2683663973-4168234638-500", "host": "DC02.acme.local" }
{ "_EventID": 4768, "_PreAuthType": "2", "_Keywords": -9214364837600035000, "_Category": "Kerberos Authentication Service", "_EventType": "AUDIT_SUCCESS", "_TargetSid": "S-1-5-21-98903719-2683663973-4168234638-1134", "_Opcode": "Info", "_IpPort": "50929", "_TicketEncryptionType": "0x12", "_SeverityValue": 2, "_Version": 0, "_TicketOptions": "0x40810010", "_ProcessID": 588, "_TargetDomainName": "ACME", "_Status": "0x0", "_OpcodeValue": 0, "_SourceModuleType": "im_msvistalog", "level": 6, "_Channel": "Security", "_SourceName": "Microsoft-Windows-Security-Auditing", "_Severity": "INFO", "message": "A Kerberos authentication ticket (TGT) was requested.\\r\\n\\r\\nAccount Information:\\r\\n\\tAccount Name:\\t\\tTBUCKNER-DKSTP$\\r\\n\\tSupplied Realm Name:\\tACME\\r\\n\\tUser ID:\\t\\t\\tS-1-5-21-98903719-2683663973-4168234638-1134\\r\\n\\r\\nService Information:\\r\\n\\tService Name:\\t\\tkrbtgt\\r\\n\\tService ID:\\t\\tS-1-5-21-98903719-2683663973-4168234638-502\\r\\n\\r\\nNetwork Information:\\r\\n\\tClient Address:\\t\\t::ffff:192.168.92.38\\r\\n\\tClient Port:\\t\\t50929\\r\\n\\r\\nAdditional Information:\\r\\n\\tTicket Options:\\t\\t0x40810010\\r\\n\\tResult Code:\\t\\t0x0\\r\\n\\tTicket Encryption Type:\\t0x12\\r\\n\\tPre-Authentication Type:\\t2\\r\\n\\r\\nCertificate Information:\\r\\n\\tCertificate Issuer Name:\\t\\t\\r\\n\\tCertificate Serial Number:\\t\\r\\n\\tCertificate Thumbprint:\\t\\t\\r\\n\\r\\nCertificate information is only provided if a certificate was used for pre-authentication.\\r\\n\\r\\nPre-authentication types, ticket options, encryption types and result codes are defined in RFC 4120.", "_EventReceivedTime": "2020-09-02 15:20:48", "_SourceModuleName": "eventlog", "_ProviderGuid": "{54849625-5478-4994-A5BA-3E3B0328C30D}", "full_message": "A Kerberos authentication ticket (TGT) was requested.\\r\\n\\r\\nAccount Information:\\r\\n\\tAccount Name:\\t\\tTBUCKNER-DKSTP$\\r\\n\\tSupplied Realm Name:\\tACME\\r\\n\\tUser ID:\\t\\t\\tS-1-5-21-98903719-2683663973-4168234638-1134\\r\\n\\r\\nService Information:\\r\\n\\tService Name:\\t\\tkrbtgt\\r\\n\\tService ID:\\t\\tS-1-5-21-98903719-2683663973-4168234638-502\\r\\n\\r\\nNetwork Information:\\r\\n\\tClient Address:\\t\\t::ffff:192.168.92.38\\r\\n\\tClient Port:\\t\\t50929\\r\\n\\r\\nAdditional Information:\\r\\n\\tTicket Options:\\t\\t0x40810010\\r\\n\\tResult Code:\\t\\t0x0\\r\\n\\tTicket Encryption Type:\\t0x12\\r\\n\\tPre-Authentication Type:\\t2\\r\\n\\r\\nCertificate Information:\\r\\n\\tCertificate Issuer Name:\\t\\t\\r\\n\\tCertificate Serial Number:\\t\\r\\n\\tCertificate Thumbprint:\\t\\t\\r\\n\\r\\nCertificate information is only provided if a certificate was used for pre-authentication.\\r\\n\\r\\nPre-authentication types, ticket options, encryption types and result codes are defined in RFC 4120.", "_ThreadID": 2388, "_ServiceName": "krbtgt", "_ServiceSid": "S-1-5-21-98903719-2683663973-4168234638-502", "_IpAddress": "::ffff:192.168.92.38", "_TargetUserName": "TBUCKNER-DKSTP$", "_RecordNumber": 1215888, "host": "kpearson-dsktp", }
{ "_EventID": 4624, "_TargetLinkedLogonId": "0x256cf", "_LogonGuid": "{00000000-0000-0000-0000-000000000000}", "_EventReceivedTime": "2024-01-22 02:59:47", "_ProcessID": 996, "short_message": "An account was successfully logged on.\\r\\n\\r\\nSubject:\\r\\n\\tSecurity ID", "level": 6, "_Version": 2, "_SubjectDomainName": "ACME", "_VirtualAccount": "%%1843", "_Keywords": -9214364837600034816, "_EventType": "AUDIT_SUCCESS", "_Task": 12544, "_SourceModuleName": "win", "_ActivityID": "{DC868611-A3EF-000A-5C86-86DCEFA3D801}", "@timestamp": "2024-01-22T02:59:47.155Z", "_LogonType": "10", "_TargetLogonId": "0x254a7", "_TargetOutboundDomainName": "-", "_Category": "Logon", "_RecordNumber": 1433877, "@version": "1", "_SourceModuleType": "im_msvistalog", "full_message": "An account was successfully logged on.\\r\\n\\r\\nSubject:\\r\\n\\tSecurity ID:\\t\\tS-1-5-18\\r\\n\\tAccount Name:\\t\\trferry-dkstp$\\r\\n\\tAccount Domain:\\t\\tACME\\r\\n\\tLogon ID:\\t\\t0x3E7\\r\\n\\r\\nLogon Information:\\r\\n\\tLogon Type:\\t\\t10\\r\\n\\tRestricted Admin Mode:\\t-\\r\\n\\tVirtual Account:\\t\\tNo\\r\\n\\tElevated Token:\\t\\tYes\\r\\n\\r\\nImpersonation Level:\\t\\tImpersonation\\r\\n\\r\\nNew Logon:\\r\\n\\tSecurity ID:\\t\\tS-1-5-21-1506617194-689360557-2017222864-1001\\r\\n\\tAccount Name:\\t\\tRFERRY-DKSTP$\\r\\n\\tAccount Domain:\\t\\tACME\\r\\n\\tLogon ID:\\t\\t0x254A7\\r\\n\\tLinked Logon ID:\\t\\t0x256CF\\r\\n\\tNetwork Account Name:\\t-\\r\\n\\tNetwork Account Domain:\\t-\\r\\n\\tLogon GUID:\\t\\t{00000000-0000-0000-0000-000000000000}\\r\\n\\r\\nProcess Information:\\r\\n\\tProcess ID:\\t\\t0x6e0\\r\\n\\tProcess Name:\\t\\tC:\\Windows\\System32\\svchost.exe\\r\\n\\r\\nNetwork Information:\\r\\n\\tWorkstation Name:\\trferry-dkstp\\r\\n\\tSource Network Address:\\t192.168.92.6\\r\\n\\tSource Port:\\t\\t0\\r\\n\\r\\nDetailed Authentication Information:\\r\\n\\tLogon Process:\\t\\tUser32 \\r\\n\\tAuthentication Package:\\tNegotiate\\r\\n\\tTransited Services:\\t-\\r\\n\\tPackage Name (NTLM only):\\t-\\r\\n\\tKey Length:\\t\\t0\\r\\n\\r\\nThis event is generated when a logon session is created. It is generated on the computer that was accessed.\\r\\n\\r\\nThe subject fields indicate the account on the local system which requested the logon. This is most commonly a service such as the Server service, or a local process such as Winlogon.exe or Services.exe.\\r\\n\\r\\nThe logon type field indicates the kind of logon that occurred. The most common types are 2 (interactive) and 3 (network).\\r\\n\\r\\nThe New Logon fields indicate the account for whom the new logon was created, i.e. the account that was logged on.\\r\\n\\r\\nThe network fields indicate where a remote logon request originated. Workstation name is not always available and may be left blank in some cases.\\r\\n\\r\\nThe impersonation level field indicates the extent to which a process in the logon session can impersonate.\\r\\n\\r\\nThe authentication information fields provide detailed information about this specific logon request.\\r\\n\\t- Logon GUID is a unique identifier that can be used to correlate this event with a KDC event.\\r\\n\\t- Transited services indicate which intermediate services have participated in this logon request.\\r\\n\\t- Package name indicates which sub-protocol was used among the NTLM protocols.\\r\\n\\t- Key length indicates the length of the generated session key. This will be 0 if no session key was requested.", "_SubjectUserName": "rferry-dkstp$", "_ElevatedToken": "%%1842", "_SeverityValue": 2, "_ProcessName": "C:\\Windows\\System32\\svchost.exe", "_KeyLength": "0", "_RestrictedAdminMode": "-", "_AuthenticationPackageName": "Negotiate", "_SubjectUserSid": "S-1-5-18", "_Opcode": "Info", "_ProviderGuid": "{54849625-5478-4994-A5BA-3E3B0328C30D}", "_SubjectLogonId": "0x3e7", "_TransmittedServices": "-", "_TargetUserSid": "S-1-5-21-1506617194-689360557-2017222864-1001", "_LmPackageName": "-", "_OpcodeValue": 0, "_SourceName": "Microsoft-Windows-Security-Auditing", "_LogonProcessName": "User32 ", "_IpPort": "0", "_Severity": "INFO", "_IpAddress": "192.168.92.6", "_Channel": "Security", "version": "1.1", "_ImpersonationLevel": "%%1833", "_ThreadID": 1088, "_WorkstationName": "jdawson-dsktp", "_TargetDomainName": "ACME", "_TargetUserName": "RFERRY-DKSTP$", "_TargetOutboundUserName": "-", "host": "rferry-dkstp" }
{ "_EventID": 4768, "_PreAuthType": "2", "_Keywords": -9214364837600035000, "_Category": "Kerberos Authentication Service", "_EventType": "AUDIT_SUCCESS", "_TargetSid": "S-1-5-21-98903719-2683663973-4168234638-1134", "_Opcode": "Info", "_IpPort": "50929", "_TicketEncryptionType": "0x12", "_SeverityValue": 2, "_Version": 0, "_TicketOptions": "0x40810010", "_ProcessID": 588, "_TargetDomainName": "ACME", "_Status": "0x0", "_OpcodeValue": 0, "_SourceModuleType": "im_msvistalog", "level": 6, "_Channel": "Security", "_SourceName": "Microsoft-Windows-Security-Auditing", "_Severity": "INFO", "message": "A Kerberos authentication ticket (TGT) was requested.\\r\\n\\r\\nAccount Information:\\r\\n\\tAccount Name:\\t\\thguerra\\r\\n\\tSupplied Realm Name:\\tACME\\r\\n\\tUser ID:\\t\\t\\tS-1-5-21-98903719-2683663973-4168234638-1134\\r\\n\\r\\nService Information:\\r\\n\\tService Name:\\t\\tkrbtgt\\r\\n\\tService ID:\\t\\tS-1-5-21-98903719-2683663973-4168234638-502\\r\\n\\r\\nNetwork Information:\\r\\n\\tClient Address:\\t\\t::ffff:192.168.92.33\\r\\n\\tClient Port:\\t\\t50929\\r\\n\\r\\nAdditional Information:\\r\\n\\tTicket Options:\\t\\t0x40810010\\r\\n\\tResult Code:\\t\\t0x0\\r\\n\\tTicket Encryption Type:\\t0x12\\r\\n\\tPre-Authentication Type:\\t2\\r\\n\\r\\nCertificate Information:\\r\\n\\tCertificate Issuer Name:\\t\\t\\r\\n\\tCertificate Serial Number:\\t\\r\\n\\tCertificate Thumbprint:\\t\\t\\r\\n\\r\\nCertificate information is only provided if a certificate was used for pre-authentication.\\r\\n\\r\\nPre-authentication types, ticket options, encryption types and result codes are defined in RFC 4120.", "_EventReceivedTime": "2020-09-02 15:20:48", "_SourceModuleName": "eventlog", "_ProviderGuid": "{54849625-5478-4994-A5BA-3E3B0328C30D}", "full_message": "A Kerberos authentication ticket (TGT) was requested.\\r\\n\\r\\nAccount Information:\\r\\n\\tAccount Name:\\t\\thguerra\\r\\n\\tSupplied Realm Name:\\tACME\\r\\n\\tUser ID:\\t\\t\\tS-1-5-21-98903719-2683663973-4168234638-1134\\r\\n\\r\\nService Information:\\r\\n\\tService Name:\\t\\tkrbtgt\\r\\n\\tService ID:\\t\\tS-1-5-21-98903719-2683663973-4168234638-502\\r\\n\\r\\nNetwork Information:\\r\\n\\tClient Address:\\t\\t::ffff:192.168.92.33\\r\\n\\tClient Port:\\t\\t50929\\r\\n\\r\\nAdditional Information:\\r\\n\\tTicket Options:\\t\\t0x40810010\\r\\n\\tResult Code:\\t\\t0x0\\r\\n\\tTicket Encryption Type:\\t0x12\\r\\n\\tPre-Authentication Type:\\t2\\r\\n\\r\\nCertificate Information:\\r\\n\\tCertificate Issuer Name:\\t\\t\\r\\n\\tCertificate Serial Number:\\t\\r\\n\\tCertificate Thumbprint:\\t\\t\\r\\n\\r\\nCertificate information is only provided if a certificate was used for pre-authentication.\\r\\n\\r\\nPre-authentication types, ticket options, encryption types and result codes are defined in RFC 4120.", "_ThreadID": 2388, "_ServiceName": "krbtgt", "_ServiceSid": "S-1-5-21-98903719-2683663973-4168234638-502", "_IpAddress": "::ffff:192.168.92.33", "_TargetUserName": "hguerra", "_RecordNumber": 1215888, "host": "hguerra-dsktp", }
{ "_EventID": 4769, "_Keywords": -9214364837600035000, "_Category": "Kerberos Service Ticket Operations", "_LogonGuid": "{FA30D7EE-4920-21C9-7CA9-F864EE8A37FC}", "_EventType": "AUDIT_SUCCESS", "_Opcode": "Info", "_IpPort": "50941", "_TransmittedServices": "-", "_TicketEncryptionType": "0x12", "_SeverityValue": 2, "_Version": 0, "_TicketOptions": "0x40810000", "_ProcessID": 588, "_TargetDomainName": "ACME", "_Status": "0x0", "_OpcodeValue": 0, "_SourceModuleType": "im_msvistalog", "level": 6, "_Channel": "Security", "_SourceName": "Microsoft-Windows-Security-Auditing", "_Severity": "INFO", "message": "A Kerberos service ticket was requested.\\r\\n\\r\\nAccount Information:\\r\\n\\tAccount Name:\\t\\tjdawson\\r\\n\\tAccount Domain:\\t\\tACME\\r\\n\\tLogon GUID:\\t\\t{FA30D7EE-4920-21C9-7CA9-F864EE8A37FC}\\r\\n\\r\\nService Information:\\r\\n\\tService Name:\\t\\tjdawson-dsktp$\\r\\n\\tService ID:\\t\\tS-1-5-21-98903719-2683663973-4168234638-1002\\r\\n\\r\\nNetwork Information:\\r\\n\\tClient Address:\\t\\t::ffff:192.168.92.6\\r\\n\\tClient Port:\\t\\t50941\\r\\n\\r\\nAdditional Information:\\r\\n\\tTicket Options:\\t\\t0x40810000\\r\\n\\tTicket Encryption Type:\\t0x12\\r\\n\\tFailure Code:\\t\\t0x0\\r\\n\\tTransited Services:\\t-\\r\\n\\r\\nThis event is generated every time access is requested to a resource such as a computer or a Windows service.  The service name indicates the resource to which access was requested.\\r\\n\\r\\nThis event can be correlated with Windows logon events by comparing the Logon GUID fields in each event.  The logon event occurs on the machine that was accessed, which is often a different machine than the domain controller which issued the service ticket.\\r\\n\\r\\nTicket options, encryption types, and failure codes are defined in RFC 4120.", "_EventReceivedTime": "2020-09-02 15:21:00", "_SourceModuleName": "eventlog", "_ProviderGuid": "{54849625-5478-4994-A5BA-3E3B0328C30D}", "full_message": "A Kerberos service ticket was requested.\\r\\n\\r\\nAccount Information:\\r\\n\\tAccount Name:\\t\\tjdawson\\r\\n\\tAccount Domain:\\t\\tACME\\r\\n\\tLogon GUID:\\t\\t{FA30D7EE-4920-21C9-7CA9-F864EE8A37FC}\\r\\n\\r\\nService Information:\\r\\n\\tService Name:\\t\\tjdawson-dsktp$\\r\\n\\tService ID:\\t\\tS-1-5-21-98903719-2683663973-4168234638-1002\\r\\n\\r\\nNetwork Information:\\r\\n\\tClient Address:\\t\\t::ffff:192.168.92.6\\r\\n\\tClient Port:\\t\\t50941\\r\\n\\r\\nAdditional Information:\\r\\n\\tTicket Options:\\t\\t0x40810000\\r\\n\\tTicket Encryption Type:\\t0x12\\r\\n\\tFailure Code:\\t\\t0x0\\r\\n\\tTransited Services:\\t-\\r\\n\\r\\nThis event is generated every time access is requested to a resource such as a computer or a Windows service.  The service name indicates the resource to which access was requested.\\r\\n\\r\\nThis event can be correlated with Windows logon events by comparing the Logon GUID fields in each event.  The logon event occurs on the machine that was accessed, which is often a different machine than the domain controller which issued the service ticket.\\r\\n\\r\\nTicket options, encryption types, and failure codes are defined in RFC 4120.", "_ThreadID": 2388, "_ServiceName": "jdawson-dsktp$", "_ServiceSid": "S-1-5-21-98903719-2683663973-4168234638-1002", "_IpAddress": "::ffff:192.168.92.6", "_TargetUserName": "jdawson", "_RecordNumber": 1215894, "host": "amcarthur-dkstp" }
{ "_EventID": 22, "_Keywords": -9223372036854776000, "_Category": "Dns query (rule: DnsQuery)", "_EventType": "INFO", "_Opcode": "Info", "_Image": "C:\\WINDOWS\\system32\\\nslookup.exe", "_QueryStatus": "0", "_ProcessGuid": "{7AF9D6ED-6795-6088-96B4-000000005001}", "_UtcTime": "2021-04-27 19:36:07.352", "_SeverityValue": 2, "_Version": 5, "_UserID": "S-1-5-18", "_ProcessID": 4592, "_RuleName": "-", "_OpcodeValue": 0, "_SourceModuleType": "im_msvistalog", "level": 6, "_Channel": "Microsoft-Windows-Sysmon/Operational", "_SourceName": "Microsoft-Windows-Sysmon", "_Severity": "INFO", "message": "Dns query:\\r\\nRuleName: -\\r\\nUtcTime: 2021-04-27 19:36:07.352\\r\\nProcessGuid: {7AF9D6ED-6795-6088-96B4-000000005001}\\r\\nProcessId: 3808\\r\\nQueryName: www.amazon.co.uk\\r\\nQueryStatus: 0\\r\\nQueryResults: ::ffff:52.95.22.56;\\r\\nImage: C:\\WINDOWS\\system32\\\nslookup.exe", "_AccountType": "User", "_QueryResults": "::ffff:52.95.22.56;", "_EventReceivedTime": "2021-04-27 14:36:08", "_QueryName": "www.amazon.co.uk", "_SourceModuleName": "eventlog", "_ProviderGuid": "{5770385F-C22A-43E0-BF4C-06F5698FFBD9}", "full_message": "Dns query:\\r\\nRuleName: -\\r\\nUtcTime: 2021-04-27 19:36:07.352\\r\\nProcessGuid: {7AF9D6ED-6795-6088-96B4-000000005001}\\r\\nProcessId: 3808\\r\\nQueryName: www.amazon.co.uk\\r\\nQueryStatus: 0\\r\\nQueryResults: ::ffff:52.95.22.56;\\r\\nImage: C:\\WINDOWS\\system32\\\nslookup.exe", "_ThreadID": 1928, "_Domain": "ACME", "_RecordNumber": 6774735, "_AccountName": "adelarosa", "host": "zsims-dkstp" }
{ "_EventID": 22, "_Keywords": -9223372036854776000, "_Category": "Dns query (rule: DnsQuery)", "_EventType": "INFO", "_Opcode": "Info", "_Image": "C:\\WINDOWS\\system32\\\nslookup.exe", "_QueryStatus": "0", "_ProcessGuid": "{7AF9D6ED-6795-6088-96B4-000000005001}", "_UtcTime": "2021-04-27 19:36:07.352", "_SeverityValue": 2, "_Version": 5, "_UserID": "S-1-5-18", "_ProcessID": 4592, "_RuleName": "-", "_OpcodeValue": 0, "_SourceModuleType": "im_msvistalog", "level": 6, "_Channel": "Microsoft-Windows-Sysmon/Operational", "_SourceName": "Microsoft-Windows-Sysmon", "_Severity": "INFO", "message": "Dns query:\\r\\nRuleName: -\\r\\nUtcTime: 2021-04-27 19:36:07.352\\r\\nProcessGuid: {7AF9D6ED-6795-6088-96B4-000000005001}\\r\\nProcessId: 3808\\r\\nQueryName: www.apple.com\\r\\nQueryStatus: 0\\r\\nQueryResults: ::ffff:52.95.22.56;\\r\\nImage: C:\\WINDOWS\\system32\\\nslookup.exe", "_AccountType": "User", "_QueryResults": "::ffff:52.95.22.56;", "_EventReceivedTime": "2021-04-27 14:36:08", "_QueryName": "www.apple.com", "_SourceModuleName": "eventlog", "_ProviderGuid": "{5770385F-C22A-43E0-BF4C-06F5698FFBD9}", "full_message": "Dns query:\\r\\nRuleName: -\\r\\nUtcTime: 2021-04-27 19:36:07.352\\r\\nProcessGuid: {7AF9D6ED-6795-6088-96B4-000000005001}\\r\\nProcessId: 3808\\r\\nQueryName: www.apple.com\\r\\nQueryStatus: 0\\r\\nQueryResults: ::ffff:52.95.22.56;\\r\\nImage: C:\\WINDOWS\\system32\\\nslookup.exe", "_ThreadID": 1928, "_Domain": "ACME", "_RecordNumber": 6774735, "_AccountName": "sfowler", "host": "ewilkes-dkstp" }
{ "_EventID": 22, "_Keywords": -9223372036854776000, "_Category": "Dns query (rule: DnsQuery)", "_EventType": "INFO", "_Opcode": "Info", "_Image": "C:\\WINDOWS\\system32\\\nslookup.exe", "_QueryStatus": "0", "_ProcessGuid": "{7AF9D6ED-6795-6088-96B4-000000005001}", "_UtcTime": "2021-04-27 19:36:07.352", "_SeverityValue": 2, "_Version": 5, "_UserID": "S-1-5-18", "_ProcessID": 4592, "_RuleName": "-", "_OpcodeValue": 0, "_SourceModuleType": "im_msvistalog", "level": 6, "_Channel": "Microsoft-Windows-Sysmon/Operational", "_SourceName": "Microsoft-Windows-Sysmon", "_Severity": "INFO", "message": "Dns query:\\r\\nRuleName: -\\r\\nUtcTime: 2021-04-27 19:36:07.352\\r\\nProcessGuid: {7AF9D6ED-6795-6088-96B4-000000005001}\\r\\nProcessId: 3808\\r\\nQueryName: www.ibm.co.uk\\r\\nQueryStatus: 0\\r\\nQueryResults: ::ffff:52.95.22.56;\\r\\nImage: C:\\WINDOWS\\system32\\\nslookup.exe", "_AccountType": "User", "_QueryResults": "::ffff:52.95.22.56;", "_EventReceivedTime": "2021-04-27 14:36:08", "_QueryName": "www.ibm.co.uk", "_SourceModuleName": "eventlog", "_ProviderGuid": "{5770385F-C22A-43E0-BF4C-06F5698FFBD9}", "full_message": "Dns query:\\r\\nRuleName: -\\r\\nUtcTime: 2021-04-27 19:36:07.352\\r\\nProcessGuid: {7AF9D6ED-6795-6088-96B4-000000005001}\\r\\nProcessId: 3808\\r\\nQueryName: www.ibm.co.uk\\r\\nQueryStatus: 0\\r\\nQueryResults: ::ffff:52.95.22.56;\\r\\nImage: C:\\WINDOWS\\system32\\\nslookup.exe", "_ThreadID": 1928, "_Domain": "ACME", "_RecordNumber": 6774735, "_AccountName": "lbates", "host": "lbusby-dkstp" }
{ "_EventID": 4768, "_PreAuthType": "2", "_Keywords": -9214364837600035000, "_Category": "Kerberos Authentication Service", "_EventType": "AUDIT_SUCCESS", "_TargetSid": "S-1-5-21-98903719-2683663973-4168234638-1134", "_Opcode": "Info", "_IpPort": "50929", "_TicketEncryptionType": "0x12", "_SeverityValue": 2, "_Version": 0, "_TicketOptions": "0x40810010", "_ProcessID": 588, "_TargetDomainName": "ACME", "_Status": "0x0", "_OpcodeValue": 0, "_SourceModuleType": "im_msvistalog", "level": 6, "_Channel": "Security", "_SourceName": "Microsoft-Windows-Security-Auditing", "_Severity": "INFO", "message": "A Kerberos authentication ticket (TGT) was requested.\\r\\n\\r\\nAccount Information:\\r\\n\\tAccount Name:\\t\\tZSIMS-DKSTP$\\r\\n\\tSupplied Realm Name:\\tACME\\r\\n\\tUser ID:\\t\\t\\tS-1-5-21-98903719-2683663973-4168234638-1134\\r\\n\\r\\nService Information:\\r\\n\\tService Name:\\t\\tkrbtgt\\r\\n\\tService ID:\\t\\tS-1-5-21-98903719-2683663973-4168234638-502\\r\\n\\r\\nNetwork Information:\\r\\n\\tClient Address:\\t\\t::ffff:192.168.92.58\\r\\n\\tClient Port:\\t\\t50929\\r\\n\\r\\nAdditional Information:\\r\\n\\tTicket Options:\\t\\t0x40810010\\r\\n\\tResult Code:\\t\\t0x0\\r\\n\\tTicket Encryption Type:\\t0x12\\r\\n\\tPre-Authentication Type:\\t2\\r\\n\\r\\nCertificate Information:\\r\\n\\tCertificate Issuer Name:\\t\\t\\r\\n\\tCertificate Serial Number:\\t\\r\\n\\tCertificate Thumbprint:\\t\\t\\r\\n\\r\\nCertificate information is only provided if a certificate was used for pre-authentication.\\r\\n\\r\\nPre-authentication types, ticket options, encryption types and result codes are defined in RFC 4120.", "_EventReceivedTime": "2020-09-02 15:20:48", "_SourceModuleName": "eventlog", "_ProviderGuid": "{54849625-5478-4994-A5BA-3E3B0328C30D}", "full_message": "A Kerberos authentication ticket (TGT) was requested.\\r\\n\\r\\nAccount Information:\\r\\n\\tAccount Name:\\t\\tZSIMS-DKSTP$\\r\\n\\tSupplied Realm Name:\\tACME\\r\\n\\tUser ID:\\t\\t\\tS-1-5-21-98903719-2683663973-4168234638-1134\\r\\n\\r\\nService Information:\\r\\n\\tService Name:\\t\\tkrbtgt\\r\\n\\tService ID:\\t\\tS-1-5-21-98903719-2683663973-4168234638-502\\r\\n\\r\\nNetwork Information:\\r\\n\\tClient Address:\\t\\t::ffff:192.168.92.58\\r\\n\\tClient Port:\\t\\t50929\\r\\n\\r\\nAdditional Information:\\r\\n\\tTicket Options:\\t\\t0x40810010\\r\\n\\tResult Code:\\t\\t0x0\\r\\n\\tTicket Encryption Type:\\t0x12\\r\\n\\tPre-Authentication Type:\\t2\\r\\n\\r\\nCertificate Information:\\r\\n\\tCertificate Issuer Name:\\t\\t\\r\\n\\tCertificate Serial Number:\\t\\r\\n\\tCertificate Thumbprint:\\t\\t\\r\\n\\r\\nCertificate information is only provided if a certificate was used for pre-authentication.\\r\\n\\r\\nPre-authentication types, ticket options, encryption types and result codes are defined in RFC 4120.", "_ThreadID": 2388, "_ServiceName": "krbtgt", "_ServiceSid": "S-1-5-21-98903719-2683663973-4168234638-502", "_IpAddress": "::ffff:192.168.92.58", "_TargetUserName": "ZSIMS-DKSTP$", "_RecordNumber": 1215888, "host": "ecantrell-dsktp", }
{ "_EventID": 4756, "_Keywords": -9214364837600035000, "_Category": "Security Group Management", "_EventType": "AUDIT_SUCCESS", "_MemberSid": "S-1-5-21-98903719-2683663973-4168234638-1135", "_TargetSid": "S-1-5-21-98903719-2683663973-4168234638-1137", "_Opcode": "Info", "_SeverityValue": 2, "_Version": 0, "_SubjectDomainName": "ACME", "_ProcessID": 592, "_TargetDomainName": "ACME", "_PrivilegeList": "-", "_OpcodeValue": 0, "_SourceModuleType": "im_msvistalog", "level": 6, "_Channel": "Security", "_SourceName": "Microsoft-Windows-Security-Auditing", "_Severity": "INFO", "_SubjectLogonId": "0x4d2e0", "message": "A member was added to a security-enabled universal group.\\r\\n\\r\\nSubject:\\r\\n\\tSecurity ID:\\t\\tS-1-5-21-98903719-2683663973-4168234638-500\\r\\n\\tAccount Name:\\t\\tAdministrator\\r\\n\\tAccount Domain:\\t\\tACME\\r\\n\\tLogon ID:\\t\\t0x4D2E0\\r\\n\\r\\nMember:\\r\\n\\tSecurity ID:\\t\\tS-1-5-21-98903719-2683663973-4168234638-1135\\r\\n\\tAccount Name:\\t\\tCN=kpearson,OU=Users,OU=Group Policy OU,DC=ACME,DC=internal\\r\\n\\r\\nGroup:\\r\\n\\tSecurity ID:\\t\\tS-1-5-21-98903719-2683663973-4168234638-1137\\r\\n\\tAccount Name:\\t\\tworkstationusers\\r\\n\\tAccount Domain:\\t\\tACME\\r\\n\\r\\nAdditional Information:\\r\\n\\tPrivileges:\\t\\t-", "_EventReceivedTime": "2020-09-11 08:51:29", "_SourceModuleName": "eventlog", "_ProviderGuid": "{54849625-5478-4994-A5BA-3E3B0328C30D}", "_SubjectUserName": "Administrator", "full_message": "A member was added to a security-enabled universal group.\\r\\n\\r\\nSubject:\\r\\n\\tSecurity ID:\\t\\tS-1-5-21-98903719-2683663973-4168234638-500\\r\\n\\tAccount Name:\\t\\tAdministrator\\r\\n\\tAccount Domain:\\t\\tACME\\r\\n\\tLogon ID:\\t\\t0x4D2E0\\r\\n\\r\\nMember:\\r\\n\\tSecurity ID:\\t\\tS-1-5-21-98903719-2683663973-4168234638-1135\\r\\n\\tAccount Name:\\t\\tCN=kpearson,OU=Users,OU=Group Policy OU,DC=ACME,DC=internal\\r\\n\\r\\nGroup:\\r\\n\\tSecurity ID:\\t\\tS-1-5-21-98903719-2683663973-4168234638-1137\\r\\n\\tAccount Name:\\t\\tworkstationusers\\r\\n\\tAccount Domain:\\t\\tACME\\r\\n\\r\\nAdditional Information:\\r\\n\\tPrivileges:\\t\\t-", "_ThreadID": 2568, "_MemberName": "CN=kpearson,OU=Users,OU=Group Policy OU,DC=ACME,DC=internal", "_TargetUserName": "workstationusers", "_RecordNumber": 1311009, "_SubjectUserSid": "S-1-5-21-98903719-2683663973-4168234638-500", "host": "DC03.acme.local" }
{ "_EventID": 22, "_Keywords": -9223372036854776000, "_Category": "Dns query (rule: DnsQuery)", "_EventType": "INFO", "_Opcode": "Info", "_Image": "&lt;unknown process&gt;", "_QueryStatus": "9003", "_ProcessGuid": "{00000000-0000-0000-0000-000000000000}", "_UtcTime": "2021-04-27 19:54:17.524", "_SeverityValue": 2, "_Version": 5, "_UserID": "S-1-5-18", "_ProcessID": 4592, "_RuleName": "-", "_OpcodeValue": 0, "_SourceModuleType": "im_msvistalog", "level": 6, "_Channel": "Microsoft-Windows-Sysmon/Operational", "_SourceName": "Microsoft-Windows-Sysmon", "_Severity": "INFO", "message": "Dns query:\\r\\nRuleName: -\\r\\nUtcTime: 2021-04-27 19:54:17.524\\r\\nProcessGuid: {00000000-0000-0000-0000-000000000000}\\r\\nProcessId: 4080\\r\\nQueryName: www.ibm.co.uk\\r\\nQueryStatus: 9003\\r\\nQueryResults: -\\r\\nImage: <unknown process>", "_AccountType": "User", "_QueryResults": "-", "_EventReceivedTime": "2021-04-27 14:54:21", "_QueryName": "www.ibm.co.uk", "_SourceModuleName": "eventlog", "_ProviderGuid": "{5770385F-C22A-43E0-BF4C-06F5698FFBD9}", "full_message": "Dns query:\\r\\nRuleName: -\\r\\nUtcTime: 2021-04-27 19:54:17.524\\r\\nProcessGuid: {00000000-0000-0000-0000-000000000000}\\r\\nProcessId: 4080\\r\\nQueryName: www.ibm.co.uk\\r\\nQueryStatus: 9003\\r\\nQueryResults: -\\r\\nImage: <unknown process>", "_ThreadID": 1928, "_Domain": "ACME", "_RecordNumber": 6780331, "_AccountName": "jgross", "host": "ewilkes-dkstp", }
{ "_EventID": 22, "_Keywords": -9223372036854776000, "_Category": "Dns query (rule: DnsQuery)", "_EventType": "INFO", "_Opcode": "Info", "_Image": "C:\\WINDOWS\\system32\\\nslookup.exe", "_QueryStatus": "0", "_ProcessGuid": "{7AF9D6ED-6795-6088-96B4-000000005001}", "_UtcTime": "2021-04-27 19:36:07.352", "_SeverityValue": 2, "_Version": 5, "_UserID": "S-1-5-18", "_ProcessID": 4592, "_RuleName": "-", "_OpcodeValue": 0, "_SourceModuleType": "im_msvistalog", "level": 6, "_Channel": "Microsoft-Windows-Sysmon/Operational", "_SourceName": "Microsoft-Windows-Sysmon", "_Severity": "INFO", "message": "Dns query:\\r\\nRuleName: -\\r\\nUtcTime: 2021-04-27 19:36:07.352\\r\\nProcessGuid: {7AF9D6ED-6795-6088-96B4-000000005001}\\r\\nProcessId: 3808\\r\\nQueryName: www.apple.com\\r\\nQueryStatus: 0\\r\\nQueryResults: ::ffff:52.95.22.56;\\r\\nImage: C:\\WINDOWS\\system32\\\nslookup.exe", "_AccountType": "User", "_QueryResults": "::ffff:52.95.22.56;", "_EventReceivedTime": "2021-04-27 14:36:08", "_QueryName": "www.apple.com", "_SourceModuleName": "eventlog", "_ProviderGuid": "{5770385F-C22A-43E0-BF4C-06F5698FFBD9}", "full_message": "Dns query:\\r\\nRuleName: -\\r\\nUtcTime: 2021-04-27 19:36:07.352\\r\\nProcessGuid: {7AF9D6ED-6795-6088-96B4-000000005001}\\r\\nProcessId: 3808\\r\\nQueryName: www.apple.com\\r\\nQueryStatus: 0\\r\\nQueryResults: ::ffff:52.95.22.56;\\r\\nImage: C:\\WINDOWS\\system32\\\nslookup.exe", "_ThreadID": 1928, "_Domain": "ACME", "_RecordNumber": 6774735, "_AccountName": "kpearson", "host": "hkline-dkstp" }
{ "_EventID": 22, "_Keywords": -9223372036854776000, "_Category": "Dns query (rule: DnsQuery)", "_EventType": "INFO", "_Opcode": "Info", "_Image": "C:\\WINDOWS\\system32\\\nslookup.exe", "_QueryStatus": "0", "_ProcessGuid": "{7AF9D6ED-6795-6088-96B4-000000005001}", "_UtcTime": "2021-04-27 19:36:07.352", "_SeverityValue": 2, "_Version": 5, "_UserID": "S-1-5-18", "_ProcessID": 4592, "_RuleName": "-", "_OpcodeValue": 0, "_SourceModuleType": "im_msvistalog", "level": 6, "_Channel": "Microsoft-Windows-Sysmon/Operational", "_SourceName": "Microsoft-Windows-Sysmon", "_Severity": "INFO", "message": "Dns query:\\r\\nRuleName: -\\r\\nUtcTime: 2021-04-27 19:36:07.352\\r\\nProcessGuid: {7AF9D6ED-6795-6088-96B4-000000005001}\\r\\nProcessId: 3808\\r\\nQueryName: www.amazon.co.uk\\r\\nQueryStatus: 0\\r\\nQueryResults: ::ffff:52.95.22.56;\\r\\nImage: C:\\WINDOWS\\system32\\\nslookup.exe", "_AccountType": "User", "_QueryResults": "::ffff:52.95.22.56;", "_EventReceivedTime": "2021-04-27 14:36:08", "_QueryName": "www.amazon.co.uk", "_SourceModuleName": "eventlog", "_ProviderGuid": "{5770385F-C22A-43E0-BF4C-06F5698FFBD9}", "full_message": "Dns query:\\r\\nRuleName: -\\r\\nUtcTime: 2021-04-27 19:36:07.352\\r\\nProcessGuid: {7AF9D6ED-6795-6088-96B4-000000005001}\\r\\nProcessId: 3808\\r\\nQueryName: www.amazon.co.uk\\r\\nQueryStatus: 0\\r\\nQueryResults: ::ffff:52.95.22.56;\\r\\nImage: C:\\WINDOWS\\system32\\\nslookup.exe", "_ThreadID": 1928, "_Domain": "ACME", "_RecordNumber": 6774735, "_AccountName": "mcottrell", "host": "ewilkes-dkstp" }
{ "_EventID": 4757, "_Keywords": -9214364837600035000, "_Category": "Security Group Management", "_EventType": "AUDIT_SUCCESS", "_MemberSid": "S-1-5-21-98903719-2683663973-4168234638-1135", "_TargetSid": "S-1-5-21-98903719-2683663973-4168234638-1137", "_Opcode": "Info", "_SeverityValue": 2, "_Version": 0, "_SubjectDomainName": "ACME", "_ProcessID": 592, "_TargetDomainName": "ACME", "_PrivilegeList": "-", "_OpcodeValue": 0, "_SourceModuleType": "im_msvistalog", "level": 6, "_Channel": "Security", "_SourceName": "Microsoft-Windows-Security-Auditing", "_Severity": "INFO", "_SubjectLogonId": "0x4d2e0", "message": "A member was removed from a security-enabled universal group.\\r\\n\\r\\nSubject:\\r\\n\\tSecurity ID:\\t\\tS-1-5-21-98903719-2683663973-4168234638-500\\r\\n\\tAccount Name:\\t\\tAdministrator\\r\\n\\tAccount Domain:\\t\\tACME\\r\\n\\tLogon ID:\\t\\t0x4D2E0\\r\\n\\r\\nMember:\\r\\n\\tSecurity ID:\\t\\tS-1-5-21-98903719-2683663973-4168234638-1135\\r\\n\\tAccount Name:\\t\\tCN=sfowler,OU=Users,OU=Group Policy OU,DC=ACME,DC=internal\\r\\n\\r\\nGroup:\\r\\n\\tSecurity ID:\\t\\tS-1-5-21-98903719-2683663973-4168234638-1137\\r\\n\\tGroup Name:\\t\\tserverusers\\r\\n\\tGroup Domain:\\t\\tACME\\r\\n\\r\\nAdditional Information:\\r\\n\\tPrivileges:\\t\\t-", "_EventReceivedTime": "2024-01-22 02:59:52", "_SourceModuleName": "eventlog", "_ProviderGuid": "{54849625-5478-4994-A5BA-3E3B0328C30D}", "_SubjectUserName": "Administrator", "full_message": "A member was removed from a security-enabled universal group.\\r\\n\\r\\nSubject:\\r\\n\\tSecurity ID:\\t\\tS-1-5-21-98903719-2683663973-4168234638-500\\r\\n\\tAccount Name:\\t\\tAdministrator\\r\\n\\tAccount Domain:\\t\\tACME\\r\\n\\tLogon ID:\\t\\t0x4D2E0\\r\\n\\r\\nMember:\\r\\n\\tSecurity ID:\\t\\tS-1-5-21-98903719-2683663973-4168234638-1135\\r\\n\\tAccount Name:\\t\\tCN=sfowler,OU=Users,OU=Group Policy OU,DC=ACME,DC=internal\\r\\n\\r\\nGroup:\\r\\n\\tSecurity ID:\\t\\tS-1-5-21-98903719-2683663973-4168234638-1137\\r\\n\\tGroup Name:\\t\\tserverusers\\r\\n\\tGroup Domain:\\t\\tACME\\r\\n\\r\\nAdditional Information:\\r\\n\\tPrivileges:\\t\\t-", "_ThreadID": 2568, "_MemberName": "CN=sfowler,OU=Users,OU=Group Policy OU,DC=ACME,DC=internal", "_TargetUserName": "serverusers", "_RecordNumber": 1311013, "_SubjectUserSid": "S-1-5-21-98903719-2683663973-4168234638-500", "host": "DC03.acme.local" }
{ "_EventID": 4768, "_PreAuthType": "2", "_Keywords": -9214364837600035000, "_Category": "Kerberos Authentication Service", "_EventType": "AUDIT_SUCCESS", "_TargetSid": "S-1-5-21-98903719-2683663973-4168234638-1134", "_Opcode": "Info", "_IpPort": "50929", "_TicketEncryptionType": "0x12", "_SeverityValue": 2, "_Version": 0, "_TicketOptions": "0x40810010", "_ProcessID": 588, "_TargetDomainName": "ACME", "_Status": "0x0", "_OpcodeValue": 0, "_SourceModuleType": "im_msvistalog", "level": 6, "_Channel": "Security", "_SourceName": "Microsoft-Windows-Security-Auditing", "_Severity": "INFO", "message": "A Kerberos authentication ticket (TGT) was requested.\\r\\n\\r\\nAccount Information:\\r\\n\\tAccount Name:\\t\\tRFERRY-DKSTP$\\r\\n\\tSupplied Realm Name:\\tACME\\r\\n\\tUser ID:\\t\\t\\tS-1-5-21-98903719-2683663973-4168234638-1134\\r\\n\\r\\nService Information:\\r\\n\\tService Name:\\t\\tkrbtgt\\r\\n\\tService ID:\\t\\tS-1-5-21-98903719-2683663973-4168234638-502\\r\\n\\r\\nNetwork Information:\\r\\n\\tClient Address:\\t\\t::ffff:192.168.92.24\\r\\n\\tClient Port:\\t\\t50929\\r\\n\\r\\nAdditional Information:\\r\\n\\tTicket Options:\\t\\t0x40810010\\r\\n\\tResult Code:\\t\\t0x0\\r\\n\\tTicket Encryption Type:\\t0x12\\r\\n\\tPre-Authentication Type:\\t2\\r\\n\\r\\nCertificate Information:\\r\\n\\tCertificate Issuer Name:\\t\\t\\r\\n\\tCertificate Serial Number:\\t\\r\\n\\tCertificate Thumbprint:\\t\\t\\r\\n\\r\\nCertificate information is only provided if a certificate was used for pre-authentication.\\r\\n\\r\\nPre-authentication types, ticket options, encryption types and result codes are defined in RFC 4120.", "_EventReceivedTime": "2020-09-02 15:20:48", "_SourceModuleName": "eventlog", "_ProviderGuid": "{54849625-5478-4994-A5BA-3E3B0328C30D}", "full_message": "A Kerberos authentication ticket (TGT) was requested.\\r\\n\\r\\nAccount Information:\\r\\n\\tAccount Name:\\t\\tRFERRY-DKSTP$\\r\\n\\tSupplied Realm Name:\\tACME\\r\\n\\tUser ID:\\t\\t\\tS-1-5-21-98903719-2683663973-4168234638-1134\\r\\n\\r\\nService Information:\\r\\n\\tService Name:\\t\\tkrbtgt\\r\\n\\tService ID:\\t\\tS-1-5-21-98903719-2683663973-4168234638-502\\r\\n\\r\\nNetwork Information:\\r\\n\\tClient Address:\\t\\t::ffff:192.168.92.24\\r\\n\\tClient Port:\\t\\t50929\\r\\n\\r\\nAdditional Information:\\r\\n\\tTicket Options:\\t\\t0x40810010\\r\\n\\tResult Code:\\t\\t0x0\\r\\n\\tTicket Encryption Type:\\t0x12\\r\\n\\tPre-Authentication Type:\\t2\\r\\n\\r\\nCertificate Information:\\r\\n\\tCertificate Issuer Name:\\t\\t\\r\\n\\tCertificate Serial Number:\\t\\r\\n\\tCertificate Thumbprint:\\t\\t\\r\\n\\r\\nCertificate information is only provided if a certificate was used for pre-authentication.\\r\\n\\r\\nPre-authentication types, ticket options, encryption types and result codes are defined in RFC 4120.", "_ThreadID": 2388, "_ServiceName": "krbtgt", "_ServiceSid": "S-1-5-21-98903719-2683663973-4168234638-502", "_IpAddress": "::ffff:192.168.92.24", "_TargetUserName": "RFERRY-DKSTP$", "_RecordNumber": 1215888, "host": "abritt-dsktp", }
{ "_EventID": 4724, "_Keywords": -9214364837600035000, "_Category": "User Account Management", "_EventType": "AUDIT_SUCCESS", "_TargetSid": "S-1-5-21-98903719-2683663973-4168234638-1139", "_Opcode": "Info", "_SeverityValue": 2, "_Version": 0, "_SubjectDomainName": "ACME", "_ProcessID": 592, "_TargetDomainName": "ACME", "_OpcodeValue": 0, "_SourceModuleType": "im_msvistalog", "level": 6, "_Channel": "Security", "_SourceName": "Microsoft-Windows-Security-Auditing", "_Severity": "INFO", "_SubjectLogonId": "0x4d2e0", "message": "An attempt was made to reset an account's password.\\r\\n\\r\\nSubject:\\r\\n\\tSecurity ID:\\t\\tS-1-5-21-98903719-2683663973-4168234638-500\\r\\n\\tAccount Name:\\t\\ts_jgross\\r\\n\\tAccount Domain:\\t\\tACME\\r\\n\\tLogon ID:\\t\\t0x4D2E0\\r\\n\\r\\nTarget Account:\\r\\n\\tSecurity ID:\\t\\tS-1-5-21-98903719-2683663973-4168234638-1139\\r\\n\\tAccount Name:\\t\\tsfowler\\r\\n\\tAccount Domain:\\t\\tACME", "_EventReceivedTime": "2024-01-22 02:59:53", "_SourceModuleName": "eventlog", "_ProviderGuid": "{54849625-5478-4994-A5BA-3E3B0328C30D}", "_SubjectUserName": "s_jgross", "full_message": "An attempt was made to reset an account's password.\\r\\n\\r\\nSubject:\\r\\n\\tSecurity ID:\\t\\tS-1-5-21-98903719-2683663973-4168234638-500\\r\\n\\tAccount Name:\\t\\ts_jgross\\r\\n\\tAccount Domain:\\t\\tACME\\r\\n\\tLogon ID:\\t\\t0x4D2E0\\r\\n\\r\\nTarget Account:\\r\\n\\tSecurity ID:\\t\\tS-1-5-21-98903719-2683663973-4168234638-1139\\r\\n\\tAccount Name:\\t\\tsfowler\\r\\n\\tAccount Domain:\\t\\tACME", "_ThreadID": 1624, "_TargetUserName": "sfowler", "_RecordNumber": 1311041, "_SubjectUserSid": "S-1-5-21-98903719-2683663973-4168234638-500", "host": "DC03.acme.local" }
{ "_EventID": 22, "_Keywords": -9223372036854776000, "_Category": "Dns query (rule: DnsQuery)", "_EventType": "INFO", "_Opcode": "Info", "_Image": "C:\\WINDOWS\\system32\\\nslookup.exe", "_QueryStatus": "0", "_ProcessGuid": "{7AF9D6ED-6795-6088-96B4-000000005001}", "_UtcTime": "2021-04-27 19:36:07.352", "_SeverityValue": 2, "_Version": 5, "_UserID": "S-1-5-18", "_ProcessID": 4592, "_RuleName": "-", "_OpcodeValue": 0, "_SourceModuleType": "im_msvistalog", "level": 6, "_Channel": "Microsoft-Windows-Sysmon/Operational", "_SourceName": "Microsoft-Windows-Sysmon", "_Severity": "INFO", "message": "Dns query:\\r\\nRuleName: -\\r\\nUtcTime: 2021-04-27 19:36:07.352\\r\\nProcessGuid: {7AF9D6ED-6795-6088-96B4-000000005001}\\r\\nProcessId: 3808\\r\\nQueryName: www.amazon.co.uk\\r\\nQueryStatus: 0\\r\\nQueryResults: ::ffff:52.95.22.56;\\r\\nImage: C:\\WINDOWS\\system32\\\nslookup.exe", "_AccountType": "User", "_QueryResults": "::ffff:52.95.22.56;", "_EventReceivedTime": "2021-04-27 14:36:08", "_QueryName": "www.amazon.co.uk", "_SourceModuleName": "eventlog", "_ProviderGuid": "{5770385F-C22A-43E0-BF4C-06F5698FFBD9}", "full_message": "Dns query:\\r\\nRuleName: -\\r\\nUtcTime: 2021-04-27 19:36:07.352\\r\\nProcessGuid: {7AF9D6ED-6795-6088-96B4-000000005001}\\r\\nProcessId: 3808\\r\\nQueryName: www.amazon.co.uk\\r\\nQueryStatus: 0\\r\\nQueryResults: ::ffff:52.95.22.56;\\r\\nImage: C:\\WINDOWS\\system32\\\nslookup.exe", "_ThreadID": 1928, "_Domain": "ACME", "_RecordNumber": 6774735, "_AccountName": "jford", "host": "mcottrell-dkstp" }
{ "_EventID": 4729, "_Keywords": -9214364837600035000, "_Category": "Security Group Management", "_EventType": "AUDIT_SUCCESS", "_MemberSid": "S-1-5-21-98903719-2683663973-4168234638-1135", "_TargetSid": "S-1-5-21-98903719-2683663973-4168234638-1136", "_Opcode": "Info", "_SeverityValue": 2, "_Version": 0, "_SubjectDomainName": "ACME", "_ProcessID": 592, "_TargetDomainName": "ACME", "_PrivilegeList": "-", "_OpcodeValue": 0, "_SourceModuleType": "im_msvistalog", "level": 6, "_Channel": "Security", "_SourceName": "Microsoft-Windows-Security-Auditing", "_Severity": "INFO", "_SubjectLogonId": "0x4d2e0", "message": "A member was removed from a security-enabled global group.\\r\\n\\r\\nSubject:\\r\\n\\tSecurity ID:\\t\\tS-1-5-21-98903719-2683663973-4168234638-500\\r\\n\\tAccount Name:\\t\\ts_kpearson\\r\\n\\tAccount Domain:\\t\\tACME\\r\\n\\tLogon ID:\\t\\t0x4D2E0\\r\\n\\r\\nMember:\\r\\n\\tSecurity ID:\\t\\tS-1-5-21-98903719-2683663973-4168234638-1135\\r\\n\\tAccount Name:\\t\\tCN=asheppard,OU=Users,OU=Group Policy OU,DC=ACME,DC=internal\\r\\n\\r\\nGroup:\\r\\n\\tSecurity ID:\\t\\tS-1-5-21-98903719-2683663973-4168234638-1136\\r\\n\\tGroup Name:\\t\\tworkstationusers\\r\\n\\tGroup Domain:\\t\\tACME\\r\\n\\r\\nAdditional Information:\\r\\n\\tPrivileges:\\t\\t-", "_EventReceivedTime": "2024-01-22 02:59:54", "_SourceModuleName": "eventlog", "_ProviderGuid": "{54849625-5478-4994-A5BA-3E3B0328C30D}", "_SubjectUserName": "s_kpearson", "full_message": "A member was removed from a security-enabled global group.\\r\\n\\r\\nSubject:\\r\\n\\tSecurity ID:\\t\\tS-1-5-21-98903719-2683663973-4168234638-500\\r\\n\\tAccount Name:\\t\\ts_kpearson\\r\\n\\tAccount Domain:\\t\\tACME\\r\\n\\tLogon ID:\\t\\t0x4D2E0\\r\\n\\r\\nMember:\\r\\n\\tSecurity ID:\\t\\tS-1-5-21-98903719-2683663973-4168234638-1135\\r\\n\\tAccount Name:\\t\\tCN=asheppard,OU=Users,OU=Group Policy OU,DC=ACME,DC=internal\\r\\n\\r\\nGroup:\\r\\n\\tSecurity ID:\\t\\tS-1-5-21-98903719-2683663973-4168234638-1136\\r\\n\\tGroup Name:\\t\\tworkstationusers\\r\\n\\tGroup Domain:\\t\\tACME\\r\\n\\r\\nAdditional Information:\\r\\n\\tPrivileges:\\t\\t-", "_ThreadID": 1624, "_MemberName": "CN=asheppard,OU=Users,OU=Group Policy OU,DC=ACME,DC=internal", "_TargetUserName": "workstationusers", "_RecordNumber": 1310906, "_SubjectUserSid": "S-1-5-21-98903719-2683663973-4168234638-500", "host": "DC02.acme.local" }
{ "_EventID": 22, "_Keywords": -9223372036854776000, "_Category": "Dns query (rule: DnsQuery)", "_EventType": "INFO", "_Opcode": "Info", "_Image": "&lt;unknown process&gt;", "_QueryStatus": "9003", "_ProcessGuid": "{00000000-0000-0000-0000-000000000000}", "_UtcTime": "2021-04-27 19:54:17.524", "_SeverityValue": 2, "_Version": 5, "_UserID": "S-1-5-18", "_ProcessID": 4592, "_RuleName": "-", "_OpcodeValue": 0, "_SourceModuleType": "im_msvistalog", "level": 6, "_Channel": "Microsoft-Windows-Sysmon/Operational", "_SourceName": "Microsoft-Windows-Sysmon", "_Severity": "INFO", "message": "Dns query:\\r\\nRuleName: -\\r\\nUtcTime: 2021-04-27 19:54:17.524\\r\\nProcessGuid: {00000000-0000-0000-0000-000000000000}\\r\\nProcessId: 4080\\r\\nQueryName: www.ibm.co.uk\\r\\nQueryStatus: 9003\\r\\nQueryResults: -\\r\\nImage: <unknown process>", "_AccountType": "User", "_QueryResults": "-", "_EventReceivedTime": "2021-04-27 14:54:21", "_QueryName": "www.ibm.co.uk", "_SourceModuleName": "eventlog", "_ProviderGuid": "{5770385F-C22A-43E0-BF4C-06F5698FFBD9}", "full_message": "Dns query:\\r\\nRuleName: -\\r\\nUtcTime: 2021-04-27 19:54:17.524\\r\\nProcessGuid: {00000000-0000-0000-0000-000000000000}\\r\\nProcessId: 4080\\r\\nQueryName: www.ibm.co.uk\\r\\nQueryStatus: 9003\\r\\nQueryResults: -\\r\\nImage: <unknown process>", "_ThreadID": 1928, "_Domain": "ACME", "_RecordNumber": 6780331, "_AccountName": "jnorris", "host": "lbates-dkstp", }
