{ "_EventID": 4738, "_EventType": "AUDIT_SUCCESS", "_TargetSid": "S-1-5-21-98903719-2683663973-4168234638-1135", "_LogonHours": "-", "_ScriptPath": "-", "_Version": 0, "_HomePath": "-", "_ProcessID": 592, "_AllowedToDelegateTo": "-", "_UserWorkstations": "-", "_SamAccountName": "-", "_OldUacValue": "-", "_UserParameters": "-", "_OpcodeValue": 0, "level": 6, "_Channel": "Security", "_NewUacValue": "-", "_EventReceivedTime": "2024-01-22 02:58:02", "_SourceModuleName": "eventlog", "_ProfilePath": "-", "_TargetUserName": "asheppard", "_RecordNumber": 1311031, "_SubjectUserSid": "S-1-5-21-98903719-2683663973-4168234638-500", "_Keywords": -9214364837600035000, "_Category": "User Account Management", "_Opcode": "Info", "_SidHistory": "-", "_SeverityValue": 2, "_DisplayName": "-", "_SubjectDomainName": "ACME", "_TargetDomainName": "ACME", "_PrivilegeList": "-", "_HomeDirectory": "-", "_SourceModuleType": "im_msvistalog", "_SourceName": "Microsoft-Windows-Security-Auditing", "_Severity": "INFO", "_SubjectLogonId": "0x4d2e0", "message": "A user account was changed.\\r\\n\\r\\nSubject:\\r\\n\\tSecurity ID:\\t\\tS-1-5-21-98903719-2683663973-4168234638-500\\r\\n\\tAccount Name:\\t\\tAdministrator\\r\\n\\tAccount Domain:\\t\\tACME\\r\\n\\tLogon ID:\\t\\t0x4D2E0\\r\\n\\r\\nTarget Account:\\r\\n\\tSecurity ID:\\t\\tS-1-5-21-98903719-2683663973-4168234638-1135\\r\\n\\tAccount Name:\\t\\tasheppard\\r\\n\\tAccount Domain:\\t\\tACME\\r\\n\\r\\nChanged Attributes:\\r\\n\\tSAM Account Name:\\t-\\r\\n\\tDisplay Name:\\t\\t-\\r\\n\\tUser Principal Name:\\t-\\r\\n\\tHome Directory:\\t\\t-\\r\\n\\tHome Drive:\\t\\t-\\r\\n\\tScript Path:\\t\\t-\\r\\n\\tProfile Path:\\t\\t-\\r\\n\\tUser Workstations:\\t-\\r\\n\\tPassword Last Set:\\t9/11/2020 8:47:16 AM\\r\\n\\tAccount Expires:\\t\\t-\\r\\n\\tPrimary Group ID:\\t-\\r\\n\\tAllowedToDelegateTo:\\t-\\r\\n\\tOld UAC Value:\\t\\t-\\r\\n\\tNew UAC Value:\\t\\t-\\r\\n\\tUser Account Control:\\t-\\r\\n\\tUser Parameters:\\t-\\r\\n\\tSID History:\\t\\t-\\r\\n\\tLogon Hours:\\t\\t-\\r\\n\\r\\nAdditional Information:\\r\\n\\tPrivileges:\\t\\t-", "_PrimaryGroupId": "-", "_AccountExpires": "-", "_ProviderGuid": "{54849625-5478-4994-A5BA-3E3B0328C30D}", "_SubjectUserName": "Administrator", "_UserAccountControl": "-", "full_message": "A user account was changed.\\r\\n\\r\\nSubject:\\r\\n\\tSecurity ID:\\t\\tS-1-5-21-98903719-2683663973-4168234638-500\\r\\n\\tAccount Name:\\t\\tAdministrator\\r\\n\\tAccount Domain:\\t\\tACME\\r\\n\\tLogon ID:\\t\\t0x4D2E0\\r\\n\\r\\nTarget Account:\\r\\n\\tSecurity ID:\\t\\tS-1-5-21-98903719-2683663973-4168234638-1135\\r\\n\\tAccount Name:\\t\\tasheppard\\r\\n\\tAccount Domain:\\t\\tACME\\r\\n\\r\\nChanged Attributes:\\r\\n\\tSAM Account Name:\\t-\\r\\n\\tDisplay Name:\\t\\t-\\r\\n\\tUser Principal Name:\\t-\\r\\n\\tHome Directory:\\t\\t-\\r\\n\\tHome Drive:\\t\\t-\\r\\n\\tScript Path:\\t\\t-\\r\\n\\tProfile Path:\\t\\t-\\r\\n\\tUser Workstations:\\t-\\r\\n\\tPassword Last Set:\\t9/11/2020 8:47:16 AM\\r\\n\\tAccount Expires:\\t\\t-\\r\\n\\tPrimary Group ID:\\t-\\r\\n\\tAllowedToDelegateTo:\\t-\\r\\n\\tOld UAC Value:\\t\\t-\\r\\n\\tNew UAC Value:\\t\\t-\\r\\n\\tUser Account Control:\\t-\\r\\n\\tUser Parameters:\\t-\\r\\n\\tSID History:\\t\\t-\\r\\n\\tLogon Hours:\\t\\t-\\r\\n\\r\\nAdditional Information:\\r\\n\\tPrivileges:\\t\\t-", "_ThreadID": 1624, "_PasswordLastSet": "9/11/2020 8:47:16 AM", "_UserPrincipalName": "-", "_Dummy": "-", "host": "DC01.acme.local" }
{ "_EventID": 4767, "_Keywords": -9214364837600035000, "_Category": "User Account Management", "_EventType": "AUDIT_SUCCESS", "_TargetSid": "S-1-5-21-98903719-2683663973-4168234638-1135", "_Opcode": "Info", "_SeverityValue": 2, "_Version": 0, "_SubjectDomainName": "ACME", "_ProcessID": 592, "_TargetDomainName": "ACME", "_OpcodeValue": 0, "_SourceModuleType": "im_msvistalog", "level": 6, "_Channel": "Security", "_SourceName": "Microsoft-Windows-Security-Auditing", "_Severity": "INFO", "_SubjectLogonId": "0x4d2e0", "message": "A user account was unlocked.\\r\\n\\r\\nSubject:\\r\\n\\tSecurity ID:\\t\\tS-1-5-21-98903719-2683663973-4168234638-500\\r\\n\\tAccount Name:\\t\\ts_kpearson\\r\\n\\tAccount Domain:\\t\\tACME\\r\\n\\tLogon ID:\\t\\t0x4D2E0\\r\\n\\r\\nTarget Account:\\r\\n\\tSecurity ID:\\t\\tS-1-5-21-98903719-2683663973-4168234638-1135\\r\\n\\tAccount Name:\\t\\tJDAWSON-DKSTP$\\r\\n\\tAccount Domain:\\t\\tACME", "_EventReceivedTime": "2020-09-11 08:51:29", "_SourceModuleName": "eventlog", "_ProviderGuid": "{54849625-5478-4994-A5BA-3E3B0328C30D}", "_SubjectUserName": "s_kpearson", "full_message": "A user account was unlocked.\\r\\n\\r\\nSubject:\\r\\n\\tSecurity ID:\\t\\tS-1-5-21-98903719-2683663973-4168234638-500\\r\\n\\tAccount Name:\\t\\ts_kpearson\\r\\n\\tAccount Domain:\\t\\tACME\\r\\n\\tLogon ID:\\t\\t0x4D2E0\\r\\n\\r\\nTarget Account:\\r\\n\\tSecurity ID:\\t\\tS-1-5-21-98903719-2683663973-4168234638-1135\\r\\n\\tAccount Name:\\t\\tJDAWSON-DKSTP$\\r\\n\\tAccount Domain:\\t\\tACME", "_ThreadID": 2568, "_TargetUserName": "JDAWSON-DKSTP$", "_RecordNumber": 1311002, "_SubjectUserSid": "S-1-5-21-98903719-2683663973-4168234638-500", "host": "jdawson-dkstp", }
{ "_EventID": 22, "_Keywords": -9223372036854776000, "_Category": "Dns query (rule: DnsQuery)", "_EventType": "INFO", "_Opcode": "Info", "_Image": "&lt;unknown process&gt;", "_QueryStatus": "9003", "_ProcessGuid": "{00000000-0000-0000-0000-000000000000}", "_UtcTime": "2021-04-27 19:54:17.524", "_SeverityValue": 2, "_Version": 5, "_UserID": "S-1-5-18", "_ProcessID": 4592, "_RuleName": "-", "_OpcodeValue": 0, "_SourceModuleType": "im_msvistalog", "level": 6, "_Channel": "Microsoft-Windows-Sysmon/Operational", "_SourceName": "Microsoft-Windows-Sysmon", "_Severity": "INFO", "message": "Dns query:\\r\\nRuleName: -\\r\\nUtcTime: 2021-04-27 19:54:17.524\\r\\nProcessGuid: {00000000-0000-0000-0000-000000000000}\\r\\nProcessId: 4080\\r\\nQueryName: www.amazon.co.uk\\r\\nQueryStatus: 9003\\r\\nQueryResults: -\\r\\nImage: <unknown process>", "_AccountType": "User", "_QueryResults": "-", "_EventReceivedTime": "2021-04-27 14:54:21", "_QueryName": "www.amazon.co.uk", "_SourceModuleName": "eventlog", "_ProviderGuid": "{5770385F-C22A-43E0-BF4C-06F5698FFBD9}", "full_message": "Dns query:\\r\\nRuleName: -\\r\\nUtcTime: 2021-04-27 19:54:17.524\\r\\nProcessGuid: {00000000-0000-0000-0000-000000000000}\\r\\nProcessId: 4080\\r\\nQueryName: www.amazon.co.uk\\r\\nQueryStatus: 9003\\r\\nQueryResults: -\\r\\nImage: <unknown process>", "_ThreadID": 1928, "_Domain": "ACME", "_RecordNumber": 6780331, "_AccountName": "tlott", "host": "cmustafa-dkstp", }
{ "_EventID": 4768, "_PreAuthType": "2", "_Keywords": -9214364837600035000, "_Category": "Kerberos Authentication Service", "_EventType": "AUDIT_SUCCESS", "_TargetSid": "S-1-5-21-98903719-2683663973-4168234638-1134", "_Opcode": "Info", "_IpPort": "50929", "_TicketEncryptionType": "0x12", "_SeverityValue": 2, "_Version": 0, "_TicketOptions": "0x40810010", "_ProcessID": 588, "_TargetDomainName": "ACME", "_Status": "0x0", "_OpcodeValue": 0, "_SourceModuleType": "im_msvistalog", "level": 6, "_Channel": "Security", "_SourceName": "Microsoft-Windows-Security-Auditing", "_Severity": "INFO", "message": "A Kerberos authentication ticket (TGT) was requested.\\r\\n\\r\\nAccount Information:\\r\\n\\tAccount Name:\\t\\ttfarley\\r\\n\\tSupplied Realm Name:\\tACME\\r\\n\\tUser ID:\\t\\t\\tS-1-5-21-98903719-2683663973-4168234638-1134\\r\\n\\r\\nService Information:\\r\\n\\tService Name:\\t\\tkrbtgt\\r\\n\\tService ID:\\t\\tS-1-5-21-98903719-2683663973-4168234638-502\\r\\n\\r\\nNetwork Information:\\r\\n\\tClient Address:\\t\\t::ffff:192.168.92.20\\r\\n\\tClient Port:\\t\\t50929\\r\\n\\r\\nAdditional Information:\\r\\n\\tTicket Options:\\t\\t0x40810010\\r\\n\\tResult Code:\\t\\t0x0\\r\\n\\tTicket Encryption Type:\\t0x12\\r\\n\\tPre-Authentication Type:\\t2\\r\\n\\r\\nCertificate Information:\\r\\n\\tCertificate Issuer Name:\\t\\t\\r\\n\\tCertificate Serial Number:\\t\\r\\n\\tCertificate Thumbprint:\\t\\t\\r\\n\\r\\nCertificate information is only provided if a certificate was used for pre-authentication.\\r\\n\\r\\nPre-authentication types, ticket options, encryption types and result codes are defined in RFC 4120.", "_EventReceivedTime": "2020-09-02 15:20:48", "_SourceModuleName": "eventlog", "_ProviderGuid": "{54849625-5478-4994-A5BA-3E3B0328C30D}", "full_message": "A Kerberos authentication ticket (TGT) was requested.\\r\\n\\r\\nAccount Information:\\r\\n\\tAccount Name:\\t\\ttfarley\\r\\n\\tSupplied Realm Name:\\tACME\\r\\n\\tUser ID:\\t\\t\\tS-1-5-21-98903719-2683663973-4168234638-1134\\r\\n\\r\\nService Information:\\r\\n\\tService Name:\\t\\tkrbtgt\\r\\n\\tService ID:\\t\\tS-1-5-21-98903719-2683663973-4168234638-502\\r\\n\\r\\nNetwork Information:\\r\\n\\tClient Address:\\t\\t::ffff:192.168.92.20\\r\\n\\tClient Port:\\t\\t50929\\r\\n\\r\\nAdditional Information:\\r\\n\\tTicket Options:\\t\\t0x40810010\\r\\n\\tResult Code:\\t\\t0x0\\r\\n\\tTicket Encryption Type:\\t0x12\\r\\n\\tPre-Authentication Type:\\t2\\r\\n\\r\\nCertificate Information:\\r\\n\\tCertificate Issuer Name:\\t\\t\\r\\n\\tCertificate Serial Number:\\t\\r\\n\\tCertificate Thumbprint:\\t\\t\\r\\n\\r\\nCertificate information is only provided if a certificate was used for pre-authentication.\\r\\n\\r\\nPre-authentication types, ticket options, encryption types and result codes are defined in RFC 4120.", "_ThreadID": 2388, "_ServiceName": "krbtgt", "_ServiceSid": "S-1-5-21-98903719-2683663973-4168234638-502", "_IpAddress": "::ffff:192.168.92.20", "_TargetUserName": "tfarley", "_RecordNumber": 1215888, "host": "tfarley-dsktp", }
{ "_EventID": 22, "_Keywords": -9223372036854776000, "_Category": "Dns query (rule: DnsQuery)", "_EventType": "INFO", "_Opcode": "Info", "_Image": "&lt;unknown process&gt;", "_QueryStatus": "9003", "_ProcessGuid": "{00000000-0000-0000-0000-000000000000}", "_UtcTime": "2021-04-27 19:54:17.524", "_SeverityValue": 2, "_Version": 5, "_UserID": "S-1-5-18", "_ProcessID": 4592, "_RuleName": "-", "_OpcodeValue": 0, "_SourceModuleType": "im_msvistalog", "level": 6, "_Channel": "Microsoft-Windows-Sysmon/Operational", "_SourceName": "Microsoft-Windows-Sysmon", "_Severity": "INFO", "message": "Dns query:\\r\\nRuleName: -\\r\\nUtcTime: 2021-04-27 19:54:17.524\\r\\nProcessGuid: {00000000-0000-0000-0000-000000000000}\\r\\nProcessId: 4080\\r\\nQueryName: www.apple.com\\r\\nQueryStatus: 9003\\r\\nQueryResults: -\\r\\nImage: <unknown process>", "_AccountType": "User", "_QueryResults": "-", "_EventReceivedTime": "2021-04-27 14:54:21", "_QueryName": "www.apple.com", "_SourceModuleName": "eventlog", "_ProviderGuid": "{5770385F-C22A-43E0-BF4C-06F5698FFBD9}", "full_message": "Dns query:\\r\\nRuleName: -\\r\\nUtcTime: 2021-04-27 19:54:17.524\\r\\nProcessGuid: {00000000-0000-0000-0000-000000000000}\\r\\nProcessId: 4080\\r\\nQueryName: www.apple.com\\r\\nQueryStatus: 9003\\r\\nQueryResults: -\\r\\nImage: <unknown process>", "_ThreadID": 1928, "_Domain": "ACME", "_RecordNumber": 6780331, "_AccountName": "mcottrell", "host": "mgray-dkstp", }
{ "_EventID": 4768, "_PreAuthType": "2", "_Keywords": -9214364837600035000, "_Category": "Kerberos Authentication Service", "_EventType": "AUDIT_SUCCESS", "_TargetSid": "S-1-5-21-98903719-2683663973-4168234638-1134", "_Opcode": "Info", "_IpPort": "50929", "_TicketEncryptionType": "0x12", "_SeverityValue": 2, "_Version": 0, "_TicketOptions": "0x40810010", "_ProcessID": 588, "_TargetDomainName": "ACME", "_Status": "0x0", "_OpcodeValue": 0, "_SourceModuleType": "im_msvistalog", "level": 6, "_Channel": "Security", "_SourceName": "Microsoft-Windows-Security-Auditing", "_Severity": "INFO", "message": "A Kerberos authentication ticket (TGT) was requested.\\r\\n\\r\\nAccount Information:\\r\\n\\tAccount Name:\\t\\tecantrell\\r\\n\\tSupplied Realm Name:\\tACME\\r\\n\\tUser ID:\\t\\t\\tS-1-5-21-98903719-2683663973-4168234638-1134\\r\\n\\r\\nService Information:\\r\\n\\tService Name:\\t\\tkrbtgt\\r\\n\\tService ID:\\t\\tS-1-5-21-98903719-2683663973-4168234638-502\\r\\n\\r\\nNetwork Information:\\r\\n\\tClient Address:\\t\\t::ffff:192.168.92.58\\r\\n\\tClient Port:\\t\\t50929\\r\\n\\r\\nAdditional Information:\\r\\n\\tTicket Options:\\t\\t0x40810010\\r\\n\\tResult Code:\\t\\t0x0\\r\\n\\tTicket Encryption Type:\\t0x12\\r\\n\\tPre-Authentication Type:\\t2\\r\\n\\r\\nCertificate Information:\\r\\n\\tCertificate Issuer Name:\\t\\t\\r\\n\\tCertificate Serial Number:\\t\\r\\n\\tCertificate Thumbprint:\\t\\t\\r\\n\\r\\nCertificate information is only provided if a certificate was used for pre-authentication.\\r\\n\\r\\nPre-authentication types, ticket options, encryption types and result codes are defined in RFC 4120.", "_EventReceivedTime": "2020-09-02 15:20:48", "_SourceModuleName": "eventlog", "_ProviderGuid": "{54849625-5478-4994-A5BA-3E3B0328C30D}", "full_message": "A Kerberos authentication ticket (TGT) was requested.\\r\\n\\r\\nAccount Information:\\r\\n\\tAccount Name:\\t\\tecantrell\\r\\n\\tSupplied Realm Name:\\tACME\\r\\n\\tUser ID:\\t\\t\\tS-1-5-21-98903719-2683663973-4168234638-1134\\r\\n\\r\\nService Information:\\r\\n\\tService Name:\\t\\tkrbtgt\\r\\n\\tService ID:\\t\\tS-1-5-21-98903719-2683663973-4168234638-502\\r\\n\\r\\nNetwork Information:\\r\\n\\tClient Address:\\t\\t::ffff:192.168.92.58\\r\\n\\tClient Port:\\t\\t50929\\r\\n\\r\\nAdditional Information:\\r\\n\\tTicket Options:\\t\\t0x40810010\\r\\n\\tResult Code:\\t\\t0x0\\r\\n\\tTicket Encryption Type:\\t0x12\\r\\n\\tPre-Authentication Type:\\t2\\r\\n\\r\\nCertificate Information:\\r\\n\\tCertificate Issuer Name:\\t\\t\\r\\n\\tCertificate Serial Number:\\t\\r\\n\\tCertificate Thumbprint:\\t\\t\\r\\n\\r\\nCertificate information is only provided if a certificate was used for pre-authentication.\\r\\n\\r\\nPre-authentication types, ticket options, encryption types and result codes are defined in RFC 4120.", "_ThreadID": 2388, "_ServiceName": "krbtgt", "_ServiceSid": "S-1-5-21-98903719-2683663973-4168234638-502", "_IpAddress": "::ffff:192.168.92.58", "_TargetUserName": "ecantrell", "_RecordNumber": 1215888, "host": "ecantrell-dsktp", }
{ "_EventID": 22, "_Keywords": -9223372036854776000, "_Category": "Dns query (rule: DnsQuery)", "_EventType": "INFO", "_Opcode": "Info", "_Image": "&lt;unknown process&gt;", "_QueryStatus": "9003", "_ProcessGuid": "{00000000-0000-0000-0000-000000000000}", "_UtcTime": "2021-04-27 19:54:17.524", "_SeverityValue": 2, "_Version": 5, "_UserID": "S-1-5-18", "_ProcessID": 4592, "_RuleName": "-", "_OpcodeValue": 0, "_SourceModuleType": "im_msvistalog", "level": 6, "_Channel": "Microsoft-Windows-Sysmon/Operational", "_SourceName": "Microsoft-Windows-Sysmon", "_Severity": "INFO", "message": "Dns query:\\r\\nRuleName: -\\r\\nUtcTime: 2021-04-27 19:54:17.524\\r\\nProcessGuid: {00000000-0000-0000-0000-000000000000}\\r\\nProcessId: 4080\\r\\nQueryName: www.apple.com\\r\\nQueryStatus: 9003\\r\\nQueryResults: -\\r\\nImage: <unknown process>", "_AccountType": "User", "_QueryResults": "-", "_EventReceivedTime": "2021-04-27 14:54:21", "_QueryName": "www.apple.com", "_SourceModuleName": "eventlog", "_ProviderGuid": "{5770385F-C22A-43E0-BF4C-06F5698FFBD9}", "full_message": "Dns query:\\r\\nRuleName: -\\r\\nUtcTime: 2021-04-27 19:54:17.524\\r\\nProcessGuid: {00000000-0000-0000-0000-000000000000}\\r\\nProcessId: 4080\\r\\nQueryName: www.apple.com\\r\\nQueryStatus: 9003\\r\\nQueryResults: -\\r\\nImage: <unknown process>", "_ThreadID": 1928, "_Domain": "ACME", "_RecordNumber": 6780331, "_AccountName": "cmustafa", "host": "erhodes-dkstp", }
{ "_EventID": 22, "_Keywords": -9223372036854776000, "_Category": "Dns query (rule: DnsQuery)", "_EventType": "INFO", "_Opcode": "Info", "_Image": "C:\\WINDOWS\\system32\\\nslookup.exe", "_QueryStatus": "0", "_ProcessGuid": "{7AF9D6ED-6795-6088-96B4-000000005001}", "_UtcTime": "2021-04-27 19:36:07.352", "_SeverityValue": 2, "_Version": 5, "_UserID": "S-1-5-18", "_ProcessID": 4592, "_RuleName": "-", "_OpcodeValue": 0, "_SourceModuleType": "im_msvistalog", "level": 6, "_Channel": "Microsoft-Windows-Sysmon/Operational", "_SourceName": "Microsoft-Windows-Sysmon", "_Severity": "INFO", "message": "Dns query:\\r\\nRuleName: -\\r\\nUtcTime: 2021-04-27 19:36:07.352\\r\\nProcessGuid: {7AF9D6ED-6795-6088-96B4-000000005001}\\r\\nProcessId: 3808\\r\\nQueryName: www.google.com\\r\\nQueryStatus: 0\\r\\nQueryResults: ::ffff:52.95.22.56;\\r\\nImage: C:\\WINDOWS\\system32\\\nslookup.exe", "_AccountType": "User", "_QueryResults": "::ffff:52.95.22.56;", "_EventReceivedTime": "2021-04-27 14:36:08", "_QueryName": "www.google.com", "_SourceModuleName": "eventlog", "_ProviderGuid": "{5770385F-C22A-43E0-BF4C-06F5698FFBD9}", "full_message": "Dns query:\\r\\nRuleName: -\\r\\nUtcTime: 2021-04-27 19:36:07.352\\r\\nProcessGuid: {7AF9D6ED-6795-6088-96B4-000000005001}\\r\\nProcessId: 3808\\r\\nQueryName: www.google.com\\r\\nQueryStatus: 0\\r\\nQueryResults: ::ffff:52.95.22.56;\\r\\nImage: C:\\WINDOWS\\system32\\\nslookup.exe", "_ThreadID": 1928, "_Domain": "ACME", "_RecordNumber": 6774735, "_AccountName": "hkline", "host": "tfry-dkstp" }
{ "_EventID": 4768, "_PreAuthType": "2", "_Keywords": -9214364837600035000, "_Category": "Kerberos Authentication Service", "_EventType": "AUDIT_SUCCESS", "_TargetSid": "S-1-5-21-98903719-2683663973-4168234638-1134", "_Opcode": "Info", "_IpPort": "50929", "_TicketEncryptionType": "0x12", "_SeverityValue": 2, "_Version": 0, "_TicketOptions": "0x40810010", "_ProcessID": 588, "_TargetDomainName": "ACME", "_Status": "0x0", "_OpcodeValue": 0, "_SourceModuleType": "im_msvistalog", "level": 6, "_Channel": "Security", "_SourceName": "Microsoft-Windows-Security-Auditing", "_Severity": "INFO", "message": "A Kerberos authentication ticket (TGT) was requested.\\r\\n\\r\\nAccount Information:\\r\\n\\tAccount Name:\\t\\tDBENITEZ-DKSTP$\\r\\n\\tSupplied Realm Name:\\tACME\\r\\n\\tUser ID:\\t\\t\\tS-1-5-21-98903719-2683663973-4168234638-1134\\r\\n\\r\\nService Information:\\r\\n\\tService Name:\\t\\tkrbtgt\\r\\n\\tService ID:\\t\\tS-1-5-21-98903719-2683663973-4168234638-502\\r\\n\\r\\nNetwork Information:\\r\\n\\tClient Address:\\t\\t::ffff:192.168.92.24\\r\\n\\tClient Port:\\t\\t50929\\r\\n\\r\\nAdditional Information:\\r\\n\\tTicket Options:\\t\\t0x40810010\\r\\n\\tResult Code:\\t\\t0x0\\r\\n\\tTicket Encryption Type:\\t0x12\\r\\n\\tPre-Authentication Type:\\t2\\r\\n\\r\\nCertificate Information:\\r\\n\\tCertificate Issuer Name:\\t\\t\\r\\n\\tCertificate Serial Number:\\t\\r\\n\\tCertificate Thumbprint:\\t\\t\\r\\n\\r\\nCertificate information is only provided if a certificate was used for pre-authentication.\\r\\n\\r\\nPre-authentication types, ticket options, encryption types and result codes are defined in RFC 4120.", "_EventReceivedTime": "2020-09-02 15:20:48", "_SourceModuleName": "eventlog", "_ProviderGuid": "{54849625-5478-4994-A5BA-3E3B0328C30D}", "full_message": "A Kerberos authentication ticket (TGT) was requested.\\r\\n\\r\\nAccount Information:\\r\\n\\tAccount Name:\\t\\tDBENITEZ-DKSTP$\\r\\n\\tSupplied Realm Name:\\tACME\\r\\n\\tUser ID:\\t\\t\\tS-1-5-21-98903719-2683663973-4168234638-1134\\r\\n\\r\\nService Information:\\r\\n\\tService Name:\\t\\tkrbtgt\\r\\n\\tService ID:\\t\\tS-1-5-21-98903719-2683663973-4168234638-502\\r\\n\\r\\nNetwork Information:\\r\\n\\tClient Address:\\t\\t::ffff:192.168.92.24\\r\\n\\tClient Port:\\t\\t50929\\r\\n\\r\\nAdditional Information:\\r\\n\\tTicket Options:\\t\\t0x40810010\\r\\n\\tResult Code:\\t\\t0x0\\r\\n\\tTicket Encryption Type:\\t0x12\\r\\n\\tPre-Authentication Type:\\t2\\r\\n\\r\\nCertificate Information:\\r\\n\\tCertificate Issuer Name:\\t\\t\\r\\n\\tCertificate Serial Number:\\t\\r\\n\\tCertificate Thumbprint:\\t\\t\\r\\n\\r\\nCertificate information is only provided if a certificate was used for pre-authentication.\\r\\n\\r\\nPre-authentication types, ticket options, encryption types and result codes are defined in RFC 4120.", "_ThreadID": 2388, "_ServiceName": "krbtgt", "_ServiceSid": "S-1-5-21-98903719-2683663973-4168234638-502", "_IpAddress": "::ffff:192.168.92.24", "_TargetUserName": "DBENITEZ-DKSTP$", "_RecordNumber": 1215888, "host": "abritt-dsktp", }
{ "_EventID": 4769, "_Keywords": -9214364837600035000, "_Category": "Kerberos Service Ticket Operations", "_LogonGuid": "{FA30D7EE-4920-21C9-7CA9-F864EE8A37FC}", "_EventType": "AUDIT_SUCCESS", "_Opcode": "Info", "_IpPort": "50941", "_TransmittedServices": "-", "_TicketEncryptionType": "0x12", "_SeverityValue": 2, "_Version": 0, "_TicketOptions": "0x40810000", "_ProcessID": 588, "_TargetDomainName": "ACME", "_Status": "0x0", "_OpcodeValue": 0, "_SourceModuleType": "im_msvistalog", "level": 6, "_Channel": "Security", "_SourceName": "Microsoft-Windows-Security-Auditing", "_Severity": "INFO", "message": "A Kerberos service ticket was requested.\\r\\n\\r\\nAccount Information:\\r\\n\\tAccount Name:\\t\\tCMUSTAFA-DKSTP$\\r\\n\\tAccount Domain:\\t\\tACME\\r\\n\\tLogon GUID:\\t\\t{FA30D7EE-4920-21C9-7CA9-F864EE8A37FC}\\r\\n\\r\\nService Information:\\r\\n\\tService Name:\\t\\tkpearson-dsktp$\\r\\n\\tService ID:\\t\\tS-1-5-21-98903719-2683663973-4168234638-1002\\r\\n\\r\\nNetwork Information:\\r\\n\\tClient Address:\\t\\t::ffff:192.168.92.38\\r\\n\\tClient Port:\\t\\t50941\\r\\n\\r\\nAdditional Information:\\r\\n\\tTicket Options:\\t\\t0x40810000\\r\\n\\tTicket Encryption Type:\\t0x12\\r\\n\\tFailure Code:\\t\\t0x0\\r\\n\\tTransited Services:\\t-\\r\\n\\r\\nThis event is generated every time access is requested to a resource such as a computer or a Windows service.  The service name indicates the resource to which access was requested.\\r\\n\\r\\nThis event can be correlated with Windows logon events by comparing the Logon GUID fields in each event.  The logon event occurs on the machine that was accessed, which is often a different machine than the domain controller which issued the service ticket.\\r\\n\\r\\nTicket options, encryption types, and failure codes are defined in RFC 4120.", "_EventReceivedTime": "2020-09-02 15:21:00", "_SourceModuleName": "eventlog", "_ProviderGuid": "{54849625-5478-4994-A5BA-3E3B0328C30D}", "full_message": "A Kerberos service ticket was requested.\\r\\n\\r\\nAccount Information:\\r\\n\\tAccount Name:\\t\\tCMUSTAFA-DKSTP$\\r\\n\\tAccount Domain:\\t\\tACME\\r\\n\\tLogon GUID:\\t\\t{FA30D7EE-4920-21C9-7CA9-F864EE8A37FC}\\r\\n\\r\\nService Information:\\r\\n\\tService Name:\\t\\tkpearson-dsktp$\\r\\n\\tService ID:\\t\\tS-1-5-21-98903719-2683663973-4168234638-1002\\r\\n\\r\\nNetwork Information:\\r\\n\\tClient Address:\\t\\t::ffff:192.168.92.38\\r\\n\\tClient Port:\\t\\t50941\\r\\n\\r\\nAdditional Information:\\r\\n\\tTicket Options:\\t\\t0x40810000\\r\\n\\tTicket Encryption Type:\\t0x12\\r\\n\\tFailure Code:\\t\\t0x0\\r\\n\\tTransited Services:\\t-\\r\\n\\r\\nThis event is generated every time access is requested to a resource such as a computer or a Windows service.  The service name indicates the resource to which access was requested.\\r\\n\\r\\nThis event can be correlated with Windows logon events by comparing the Logon GUID fields in each event.  The logon event occurs on the machine that was accessed, which is often a different machine than the domain controller which issued the service ticket.\\r\\n\\r\\nTicket options, encryption types, and failure codes are defined in RFC 4120.", "_ThreadID": 2388, "_ServiceName": "kpearson-dsktp$", "_ServiceSid": "S-1-5-21-98903719-2683663973-4168234638-1002", "_IpAddress": "::ffff:192.168.92.38", "_TargetUserName": "CMUSTAFA-DKSTP$", "_RecordNumber": 1215894, "host": "cmustafa-dkstp" }
{ "_EventID": 22, "_Keywords": -9223372036854776000, "_Category": "Dns query (rule: DnsQuery)", "_EventType": "INFO", "_Opcode": "Info", "_Image": "C:\\WINDOWS\\system32\\\nslookup.exe", "_QueryStatus": "0", "_ProcessGuid": "{7AF9D6ED-6795-6088-96B4-000000005001}", "_UtcTime": "2021-04-27 19:36:07.352", "_SeverityValue": 2, "_Version": 5, "_UserID": "S-1-5-18", "_ProcessID": 4592, "_RuleName": "-", "_OpcodeValue": 0, "_SourceModuleType": "im_msvistalog", "level": 6, "_Channel": "Microsoft-Windows-Sysmon/Operational", "_SourceName": "Microsoft-Windows-Sysmon", "_Severity": "INFO", "message": "Dns query:\\r\\nRuleName: -\\r\\nUtcTime: 2021-04-27 19:36:07.352\\r\\nProcessGuid: {7AF9D6ED-6795-6088-96B4-000000005001}\\r\\nProcessId: 3808\\r\\nQueryName: www.hpe.com\\r\\nQueryStatus: 0\\r\\nQueryResults: ::ffff:52.95.22.56;\\r\\nImage: C:\\WINDOWS\\system32\\\nslookup.exe", "_AccountType": "User", "_QueryResults": "::ffff:52.95.22.56;", "_EventReceivedTime": "2021-04-27 14:36:08", "_QueryName": "www.hpe.com", "_SourceModuleName": "eventlog", "_ProviderGuid": "{5770385F-C22A-43E0-BF4C-06F5698FFBD9}", "full_message": "Dns query:\\r\\nRuleName: -\\r\\nUtcTime: 2021-04-27 19:36:07.352\\r\\nProcessGuid: {7AF9D6ED-6795-6088-96B4-000000005001}\\r\\nProcessId: 3808\\r\\nQueryName: www.hpe.com\\r\\nQueryStatus: 0\\r\\nQueryResults: ::ffff:52.95.22.56;\\r\\nImage: C:\\WINDOWS\\system32\\\nslookup.exe", "_ThreadID": 1928, "_Domain": "ACME", "_RecordNumber": 6774735, "_AccountName": "jgross", "host": "amcarthur-dkstp" }
